  A subdirectory or file ../content already exists.
  ../shaders/helloworld.vert
  Warning, version 450 is not yet complete; most version-specific features are present, but some are missing.
  
  
  Linked vertex stage:
  
  
  ../shaders/helloworld.frag
  Warning, version 450 is not yet complete; most version-specific features are present, but some are missing.
  
  
  Linked fragment stage:
  
  
  VulkanShowBase.cpp
  Generating code
  59 of 6616 functions ( 0.9%) were compiled, the rest were copied from previous compilation.
    5 functions were new in current compilation
    26 functions had inline decision re-evaluated but remain unchanged
  Finished generating code
  Vulkan_Project.vcxproj -> C:\Windy\projects\GitHub\Vulkan_HelloWorld\x64\Release\Vulkan_Project.exe
  Vulkan_Project.vcxproj -> C:\Windy\projects\GitHub\Vulkan_HelloWorld\x64\Release\Vulkan_Project.pdb (Full PDB)
  C:\Windy\projects\GitHub\Vulkan_HelloWorld\Vulkan_Project\content\chalet.jpg
  C:\Windy\projects\GitHub\Vulkan_HelloWorld\Vulkan_Project\content\chalet.obj
  C:\Windy\projects\GitHub\Vulkan_HelloWorld\Vulkan_Project\content\helloworld_frag.spv
  C:\Windy\projects\GitHub\Vulkan_HelloWorld\Vulkan_Project\content\helloworld_vert.spv
  C:\Windy\projects\GitHub\Vulkan_HelloWorld\Vulkan_Project\content\jumpin_windy.png
  5 File(s) copied
