Build started 8/29/2016 10:32:44 PM.
     1>Project "C:\Windy\projects\GitHub\Vulkan_HelloWorld\Vulkan_Project\Vulkan_Project.vcxproj" on node 2 (Build target(s)).
     1>PreBuildEvent:
         cd C:\Windy\projects\GitHub\Vulkan_HelloWorld\Vulkan_Project\build_tools/
         call "CompileShaders.bat"
         :VCEnd
         A subdirectory or file ../content already exists.
         ../shaders/helloworld.vert
         Warning, version 450 is not yet complete; most version-specific features are present, but some are missing.
         
         
         Linked vertex stage:
         
         
         ../shaders/helloworld.frag
         Warning, version 450 is not yet complete; most version-specific features are present, but some are missing.
         
         
         Linked fragment stage:
         
         
       ClCompile:
         C:\Program Files (x86)\Microsoft Visual Studio 14.0\VC\bin\x86_amd64\CL.exe /c /I"C:\Windy\projects\GitHub\Vulkan_HelloWorld\ThirdParty\glfw-3.2.bin.WIN64\include" /IC:\Windy\projects\GitHub\Vulkan_HelloWorld\ThirdParty\tinyobjloader /I"C:\Windy\projects\GitHub\Vulkan_HelloWorld\ThirdParty\glm-0.9.7.6\glm" /IC:\Windy\projects\GitHub\Vulkan_HelloWorld\ThirdParty\stb /IC:\VulkanSDK\1.0.21.1\Include /ZI /nologo /W3 /WX- /sdl /Od /D _MBCS /Gm /EHsc /RTC1 /MDd /GS /fp:precise /Zc:wchar_t /Zc:forScope /Zc:inline /Fo"x64\Debug\\" /Fd"x64\Debug\vc140.pdb" /Gd /TP /errorReport:prompt VulkanShowBase.cpp main.cpp
         VulkanShowBase.cpp
     1>c:\windy\projects\github\vulkan_helloworld\vulkan_project\vulkanshowbase.cpp(1074): error C2065: 'vertices': undeclared identifier
     1>c:\windy\projects\github\vulkan_helloworld\vulkan_project\vulkanshowbase.cpp(1074): error C2228: left of '.size' must have class/struct/union
         c:\windy\projects\github\vulkan_helloworld\vulkan_project\vulkanshowbase.cpp(1074): note: type is 'unknown-type'
     1>c:\windy\projects\github\vulkan_helloworld\vulkan_project\vulkanshowbase.cpp(1075): error C2065: 'vertices': undeclared identifier
     1>c:\windy\projects\github\vulkan_helloworld\vulkan_project\vulkanshowbase.cpp(1075): error C2228: left of '.push_back' must have class/struct/union
         c:\windy\projects\github\vulkan_helloworld\vulkan_project\vulkanshowbase.cpp(1075): note: type is 'unknown-type'
     1>c:\windy\projects\github\vulkan_helloworld\vulkan_project\vulkanshowbase.cpp(1078): error C2065: 'vertex_indices': undeclared identifier
     1>c:\windy\projects\github\vulkan_helloworld\vulkan_project\vulkanshowbase.cpp(1078): error C2228: left of '.push_back' must have class/struct/union
         c:\windy\projects\github\vulkan_helloworld\vulkan_project\vulkanshowbase.cpp(1078): note: type is 'unknown-type'
     1>c:\windy\projects\github\vulkan_helloworld\vulkan_project\vulkanshowbase.cpp(1103): error C2065: 'vertices': undeclared identifier
     1>c:\windy\projects\github\vulkan_helloworld\vulkan_project\vulkanshowbase.cpp(1103): error C2228: left of '.size' must have class/struct/union
         c:\windy\projects\github\vulkan_helloworld\vulkan_project\vulkanshowbase.cpp(1103): note: type is 'unknown-type'
     1>c:\windy\projects\github\vulkan_helloworld\vulkan_project\vulkanshowbase.cpp(1117): error C2065: 'vertices': undeclared identifier
     1>c:\windy\projects\github\vulkan_helloworld\vulkan_project\vulkanshowbase.cpp(1117): error C2228: left of '.data' must have class/struct/union
         c:\windy\projects\github\vulkan_helloworld\vulkan_project\vulkanshowbase.cpp(1117): note: type is 'unknown-type'
     1>c:\windy\projects\github\vulkan_helloworld\vulkan_project\vulkanshowbase.cpp(1117): error C2660: 'memcpy': function does not take 2 arguments
     1>c:\windy\projects\github\vulkan_helloworld\vulkan_project\vulkanshowbase.cpp(1134): error C2065: 'vertex_indices': undeclared identifier
     1>c:\windy\projects\github\vulkan_helloworld\vulkan_project\vulkanshowbase.cpp(1134): error C2228: left of '.size' must have class/struct/union
         c:\windy\projects\github\vulkan_helloworld\vulkan_project\vulkanshowbase.cpp(1134): note: type is 'unknown-type'
     1>c:\windy\projects\github\vulkan_helloworld\vulkan_project\vulkanshowbase.cpp(1147): error C2065: 'vertex_indices': undeclared identifier
     1>c:\windy\projects\github\vulkan_helloworld\vulkan_project\vulkanshowbase.cpp(1147): error C2228: left of '.data' must have class/struct/union
         c:\windy\projects\github\vulkan_helloworld\vulkan_project\vulkanshowbase.cpp(1147): note: type is 'unknown-type'
     1>c:\windy\projects\github\vulkan_helloworld\vulkan_project\vulkanshowbase.cpp(1147): error C2660: 'memcpy': function does not take 2 arguments
     1>c:\windy\projects\github\vulkan_helloworld\vulkan_project\vulkanshowbase.cpp(1310): error C2065: 'vertex_indices': undeclared identifier
     1>c:\windy\projects\github\vulkan_helloworld\vulkan_project\vulkanshowbase.cpp(1310): error C2228: left of '.size' must have class/struct/union
         c:\windy\projects\github\vulkan_helloworld\vulkan_project\vulkanshowbase.cpp(1310): note: type is 'unknown-type'
     1>c:\windy\projects\github\vulkan_helloworld\vulkan_project\vulkanshowbase.cpp(1310): error C2660: 'vkCmdDrawIndexed': function does not take 5 arguments
         Generating Code...
         Compiling...
         main.cpp
         Generating Code...
     1>Done Building Project "C:\Windy\projects\GitHub\Vulkan_HelloWorld\Vulkan_Project\Vulkan_Project.vcxproj" (Build target(s)) -- FAILED.

Build FAILED.

Time Elapsed 00:00:01.47
